<?xml version="1.0" encoding="UTF-8"?>
<!-- Generated by org.testng.reporters.JUnitXMLReporter -->
<testsuite ignored="0" hostname="DESKTOP-M9ULESR" failures="0" tests="12" name="Default test" time="177.897" errors="0" timestamp="2025-09-15T06:05:10 IST">
  <testcase classname="com.automationexercise.tests.TC_Ecom_Homepage_Test" name="TC01_VerifyLogo" time="0.53"/>
  <testcase classname="com.automationexercise.tests.TC_Ecom_Homepage_Test" name="TC02_VerifyHomeIconVisibility" time="0.127"/>
  <testcase classname="com.automationexercise.tests.TC_Ecom_Homepage_Test" name="TC03_VerifyProductIconVisibility" time="0.12"/>
  <testcase classname="com.automationexercise.tests.TC_Ecom_Homepage_Test" name="TC04_VerifyCartIconVisibility" time="0.804"/>
  <testcase classname="com.automationexercise.tests.TC_Ecom_Homepage_Test" name="TC05_VerifSignupLoginIconVisibility" time="0.146"/>
  <testcase classname="com.automationexercise.tests.TC_Ecom_Homepage_Test" name="TC06_VerifyTestCasesIconVisibility" time="0.086"/>
  <testcase classname="com.automationexercise.tests.TC_Ecom_Homepage_Test" name="TC07_VerifyTestCasesIconVisibility" time="0.283"/>
  <testcase classname="com.automationexercise.tests.TC_Ecom_Homepage_Test" name="TC08_VerifyVideoTutorialsIconVisibility" time="0.092"/>
  <testcase classname="com.automationexercise.tests.TC_Ecom_Homepage_Test" name="TC09_VerifyContactusIconVisibility" time="0.127"/>
  <testcase classname="com.automationexercise.tests.TC_Ecom_Homepage_Test" name="TC10_VerifyAPIListPracticeElementVisibility" time="0.077"/>
  <testcase classname="com.automationexercise.tests.TC_Ecom_Homepage_Test" name="TC11_VerifyCategoryElementVisibility" time="0.554"/>
  <testcase classname="com.automationexercise.tests.TC_Ecom_Homepage_Test" name="TC11_VerifyFeatureItemElementVisibility" time="0.101"/>
</testsuite> <!-- Default test -->
