<?xml version="1.0" encoding="UTF-8"?>
<!-- Generated by org.testng.reporters.JUnitXMLReporter -->
<testsuite ignored="0" hostname="DESKTOP-M9ULESR" failures="0" tests="13" name="Default test" time="201.412" errors="0" timestamp="2025-09-06T05:05:53 IST">
  <testcase classname="com.automationexercise.tests.TC_Ecom_LoginSignup_UI_Test2" name="TC15_VerifyTestCasesIconVisibility" time="3.583"/>
  <testcase classname="com.automationexercise.tests.TC_Ecom_LoginSignup_UI_Test2" name="TC16_VerifyApiTestingIconVisibility" time="1.054"/>
  <testcase classname="com.automationexercise.tests.TC_Ecom_LoginSignup_UI_Test2" name="TC17_VerifyVedioTutorialIconVisibility" time="6.087"/>
  <testcase classname="com.automationexercise.tests.TC_Ecom_LoginSignup_UI_Test2" name="TC18_VerifyContactusIconVisibility" time="1.965"/>
  <testcase classname="com.automationexercise.tests.TC_Ecom_LoginSignup_UI_Test2" name="TC19_VerifySubscriptionTextVisibility" time="2.214"/>
  <testcase classname="com.automationexercise.tests.TC_Ecom_LoginSignup_UI_Test2" name="TC20_VerifySubscriptionEmailVisibility" time="1.889"/>
  <testcase classname="com.automationexercise.tests.TC_Ecom_LoginSignup_UI_Test2" name="TC21_VerifyParagraphTextVisibility" time="4.35"/>
  <testcase classname="com.automationexercise.tests.TC_Ecom_LoginSignup_UI_Test2" name="TC22_VerifArrowButtonVisibility" time="3.059"/>
  <testcase classname="com.automationexercise.tests.TC_Ecom_LoginSignup_UI_Test2" name="TC23_VerifyCopyRightVisibility" time="3.287"/>
  <testcase classname="com.automationexercise.tests.TC_Ecom_LoginSignup_UI_Test2" name="TC24_VerifyPlaceholderTextInputFields" time="5.505"/>
  <testcase classname="com.automationexercise.tests.TC_Ecom_LoginSignup_UI_Test2" name="TC25_VerifyAlignmentAndSpacing" time="1.377"/>
  <testcase classname="com.automationexercise.tests.TC_Ecom_LoginSignup_UI_Test2" name="TC26_VerifyColorStyle" time="2.488"/>
  <testcase classname="com.automationexercise.tests.TC_Ecom_LoginSignup_UI_Test2" name="TC27_VerifyHoverEffectOnLoginButton" time="4.416"/>
</testsuite> <!-- Default test -->
