<?xml version="1.0" encoding="UTF-8"?>
<testng-results ignored="0" total="12" passed="12" failed="0" skipped="0">
  <reporter-output>
  </reporter-output>
  <suite started-at="2025-09-15T06:02:12 IST" name="Default suite" finished-at="2025-09-15T06:05:10 IST" duration-ms="177897">
    <groups>
    </groups>
    <test started-at="2025-09-15T06:02:12 IST" name="Default test" finished-at="2025-09-15T06:05:10 IST" duration-ms="177897">
      <class name="com.automationexercise.tests.TC_Ecom_Homepage_Test">
        <test-method is-config="true" signature="setupreport()[pri:0, instance:com.automationexercise.tests.TC_Ecom_Homepage_Test@1e66f1f5]" started-at="2025-09-15T06:02:11 IST" name="setupreport" finished-at="2025-09-15T06:02:12 IST" duration-ms="630" status="PASS">
          <reporter-output>
          </reporter-output>
        </test-method> <!-- setupreport -->
        <test-method is-config="true" signature="setup()[pri:0, instance:com.automationexercise.tests.TC_Ecom_Homepage_Test@1e66f1f5]" started-at="2025-09-15T06:02:12 IST" name="setup" finished-at="2025-09-15T06:02:39 IST" duration-ms="26916" status="PASS">
          <reporter-output>
          </reporter-output>
        </test-method> <!-- setup -->
        <test-method is-config="true" signature="setupPage()[pri:0, instance:com.automationexercise.tests.TC_Ecom_Homepage_Test@1e66f1f5]" started-at="2025-09-15T06:02:39 IST" name="setupPage" finished-at="2025-09-15T06:02:49 IST" duration-ms="9720" status="PASS">
          <reporter-output>
          </reporter-output>
        </test-method> <!-- setupPage -->
        <test-method signature="TC01_VerifyLogo()[pri:0, instance:com.automationexercise.tests.TC_Ecom_Homepage_Test@1e66f1f5]" started-at="2025-09-15T06:02:49 IST" name="TC01_VerifyLogo" finished-at="2025-09-15T06:02:49 IST" duration-ms="530" status="PASS">
          <reporter-output>
          </reporter-output>
        </test-method> <!-- TC01_VerifyLogo -->
        <test-method is-config="true" signature="teardown()[pri:0, instance:com.automationexercise.tests.TC_Ecom_Homepage_Test@1e66f1f5]" started-at="2025-09-15T06:02:49 IST" name="teardown" finished-at="2025-09-15T06:02:50 IST" duration-ms="986" status="PASS">
          <reporter-output>
          </reporter-output>
        </test-method> <!-- teardown -->
        <test-method is-config="true" signature="setup()[pri:0, instance:com.automationexercise.tests.TC_Ecom_Homepage_Test@1e66f1f5]" started-at="2025-09-15T06:02:50 IST" name="setup" finished-at="2025-09-15T06:02:56 IST" duration-ms="5673" status="PASS">
          <reporter-output>
          </reporter-output>
        </test-method> <!-- setup -->
        <test-method is-config="true" signature="setupPage()[pri:0, instance:com.automationexercise.tests.TC_Ecom_Homepage_Test@1e66f1f5]" started-at="2025-09-15T06:02:56 IST" name="setupPage" finished-at="2025-09-15T06:03:01 IST" duration-ms="5296" status="PASS">
          <reporter-output>
          </reporter-output>
        </test-method> <!-- setupPage -->
        <test-method signature="TC02_VerifyHomeIconVisibility()[pri:0, instance:com.automationexercise.tests.TC_Ecom_Homepage_Test@1e66f1f5]" started-at="2025-09-15T06:03:01 IST" name="TC02_VerifyHomeIconVisibility" finished-at="2025-09-15T06:03:01 IST" duration-ms="127" status="PASS">
          <reporter-output>
          </reporter-output>
        </test-method> <!-- TC02_VerifyHomeIconVisibility -->
        <test-method is-config="true" signature="teardown()[pri:0, instance:com.automationexercise.tests.TC_Ecom_Homepage_Test@1e66f1f5]" started-at="2025-09-15T06:03:01 IST" name="teardown" finished-at="2025-09-15T06:03:02 IST" duration-ms="1001" status="PASS">
          <reporter-output>
          </reporter-output>
        </test-method> <!-- teardown -->
        <test-method is-config="true" signature="setup()[pri:0, instance:com.automationexercise.tests.TC_Ecom_Homepage_Test@1e66f1f5]" started-at="2025-09-15T06:03:02 IST" name="setup" finished-at="2025-09-15T06:03:10 IST" duration-ms="7301" status="PASS">
          <reporter-output>
          </reporter-output>
        </test-method> <!-- setup -->
        <test-method is-config="true" signature="setupPage()[pri:0, instance:com.automationexercise.tests.TC_Ecom_Homepage_Test@1e66f1f5]" started-at="2025-09-15T06:03:10 IST" name="setupPage" finished-at="2025-09-15T06:03:14 IST" duration-ms="4415" status="PASS">
          <reporter-output>
          </reporter-output>
        </test-method> <!-- setupPage -->
        <test-method signature="TC03_VerifyProductIconVisibility()[pri:0, instance:com.automationexercise.tests.TC_Ecom_Homepage_Test@1e66f1f5]" started-at="2025-09-15T06:03:14 IST" name="TC03_VerifyProductIconVisibility" finished-at="2025-09-15T06:03:14 IST" duration-ms="120" status="PASS">
          <reporter-output>
          </reporter-output>
        </test-method> <!-- TC03_VerifyProductIconVisibility -->
        <test-method is-config="true" signature="teardown()[pri:0, instance:com.automationexercise.tests.TC_Ecom_Homepage_Test@1e66f1f5]" started-at="2025-09-15T06:03:14 IST" name="teardown" finished-at="2025-09-15T06:03:15 IST" duration-ms="560" status="PASS">
          <reporter-output>
          </reporter-output>
        </test-method> <!-- teardown -->
        <test-method is-config="true" signature="setup()[pri:0, instance:com.automationexercise.tests.TC_Ecom_Homepage_Test@1e66f1f5]" started-at="2025-09-15T06:03:15 IST" name="setup" finished-at="2025-09-15T06:03:17 IST" duration-ms="2666" status="PASS">
          <reporter-output>
          </reporter-output>
        </test-method> <!-- setup -->
        <test-method is-config="true" signature="setupPage()[pri:0, instance:com.automationexercise.tests.TC_Ecom_Homepage_Test@1e66f1f5]" started-at="2025-09-15T06:03:17 IST" name="setupPage" finished-at="2025-09-15T06:03:24 IST" duration-ms="6914" status="PASS">
          <reporter-output>
          </reporter-output>
        </test-method> <!-- setupPage -->
        <test-method signature="TC04_VerifyCartIconVisibility()[pri:0, instance:com.automationexercise.tests.TC_Ecom_Homepage_Test@1e66f1f5]" started-at="2025-09-15T06:03:24 IST" name="TC04_VerifyCartIconVisibility" finished-at="2025-09-15T06:03:25 IST" duration-ms="804" status="PASS">
          <reporter-output>
          </reporter-output>
        </test-method> <!-- TC04_VerifyCartIconVisibility -->
        <test-method is-config="true" signature="teardown()[pri:0, instance:com.automationexercise.tests.TC_Ecom_Homepage_Test@1e66f1f5]" started-at="2025-09-15T06:03:25 IST" name="teardown" finished-at="2025-09-15T06:03:26 IST" duration-ms="835" status="PASS">
          <reporter-output>
          </reporter-output>
        </test-method> <!-- teardown -->
        <test-method is-config="true" signature="setup()[pri:0, instance:com.automationexercise.tests.TC_Ecom_Homepage_Test@1e66f1f5]" started-at="2025-09-15T06:03:26 IST" name="setup" finished-at="2025-09-15T06:03:29 IST" duration-ms="2945" status="PASS">
          <reporter-output>
          </reporter-output>
        </test-method> <!-- setup -->
        <test-method is-config="true" signature="setupPage()[pri:0, instance:com.automationexercise.tests.TC_Ecom_Homepage_Test@1e66f1f5]" started-at="2025-09-15T06:03:29 IST" name="setupPage" finished-at="2025-09-15T06:03:37 IST" duration-ms="8169" status="PASS">
          <reporter-output>
          </reporter-output>
        </test-method> <!-- setupPage -->
        <test-method signature="TC05_VerifSignupLoginIconVisibility()[pri:0, instance:com.automationexercise.tests.TC_Ecom_Homepage_Test@1e66f1f5]" started-at="2025-09-15T06:03:37 IST" name="TC05_VerifSignupLoginIconVisibility" finished-at="2025-09-15T06:03:37 IST" duration-ms="146" status="PASS">
          <reporter-output>
          </reporter-output>
        </test-method> <!-- TC05_VerifSignupLoginIconVisibility -->
        <test-method is-config="true" signature="teardown()[pri:0, instance:com.automationexercise.tests.TC_Ecom_Homepage_Test@1e66f1f5]" started-at="2025-09-15T06:03:37 IST" name="teardown" finished-at="2025-09-15T06:03:38 IST" duration-ms="631" status="PASS">
          <reporter-output>
          </reporter-output>
        </test-method> <!-- teardown -->
        <test-method is-config="true" signature="setup()[pri:0, instance:com.automationexercise.tests.TC_Ecom_Homepage_Test@1e66f1f5]" started-at="2025-09-15T06:03:38 IST" name="setup" finished-at="2025-09-15T06:03:43 IST" duration-ms="4682" status="PASS">
          <reporter-output>
          </reporter-output>
        </test-method> <!-- setup -->
        <test-method is-config="true" signature="setupPage()[pri:0, instance:com.automationexercise.tests.TC_Ecom_Homepage_Test@1e66f1f5]" started-at="2025-09-15T06:03:43 IST" name="setupPage" finished-at="2025-09-15T06:03:49 IST" duration-ms="6315" status="PASS">
          <reporter-output>
          </reporter-output>
        </test-method> <!-- setupPage -->
        <test-method signature="TC06_VerifyTestCasesIconVisibility()[pri:0, instance:com.automationexercise.tests.TC_Ecom_Homepage_Test@1e66f1f5]" started-at="2025-09-15T06:03:49 IST" name="TC06_VerifyTestCasesIconVisibility" finished-at="2025-09-15T06:03:49 IST" duration-ms="86" status="PASS">
          <reporter-output>
          </reporter-output>
        </test-method> <!-- TC06_VerifyTestCasesIconVisibility -->
        <test-method is-config="true" signature="teardown()[pri:0, instance:com.automationexercise.tests.TC_Ecom_Homepage_Test@1e66f1f5]" started-at="2025-09-15T06:03:49 IST" name="teardown" finished-at="2025-09-15T06:03:50 IST" duration-ms="550" status="PASS">
          <reporter-output>
          </reporter-output>
        </test-method> <!-- teardown -->
        <test-method is-config="true" signature="setup()[pri:0, instance:com.automationexercise.tests.TC_Ecom_Homepage_Test@1e66f1f5]" started-at="2025-09-15T06:03:50 IST" name="setup" finished-at="2025-09-15T06:04:09 IST" duration-ms="19423" status="PASS">
          <reporter-output>
          </reporter-output>
        </test-method> <!-- setup -->
        <test-method is-config="true" signature="setupPage()[pri:0, instance:com.automationexercise.tests.TC_Ecom_Homepage_Test@1e66f1f5]" started-at="2025-09-15T06:04:09 IST" name="setupPage" finished-at="2025-09-15T06:04:16 IST" duration-ms="7023" status="PASS">
          <reporter-output>
          </reporter-output>
        </test-method> <!-- setupPage -->
        <test-method signature="TC07_VerifyTestCasesIconVisibility()[pri:0, instance:com.automationexercise.tests.TC_Ecom_Homepage_Test@1e66f1f5]" started-at="2025-09-15T06:04:16 IST" name="TC07_VerifyTestCasesIconVisibility" finished-at="2025-09-15T06:04:16 IST" duration-ms="283" status="PASS">
          <reporter-output>
          </reporter-output>
        </test-method> <!-- TC07_VerifyTestCasesIconVisibility -->
        <test-method is-config="true" signature="teardown()[pri:0, instance:com.automationexercise.tests.TC_Ecom_Homepage_Test@1e66f1f5]" started-at="2025-09-15T06:04:16 IST" name="teardown" finished-at="2025-09-15T06:04:17 IST" duration-ms="394" status="PASS">
          <reporter-output>
          </reporter-output>
        </test-method> <!-- teardown -->
        <test-method is-config="true" signature="setup()[pri:0, instance:com.automationexercise.tests.TC_Ecom_Homepage_Test@1e66f1f5]" started-at="2025-09-15T06:04:17 IST" name="setup" finished-at="2025-09-15T06:04:21 IST" duration-ms="3914" status="PASS">
          <reporter-output>
          </reporter-output>
        </test-method> <!-- setup -->
        <test-method is-config="true" signature="setupPage()[pri:0, instance:com.automationexercise.tests.TC_Ecom_Homepage_Test@1e66f1f5]" started-at="2025-09-15T06:04:21 IST" name="setupPage" finished-at="2025-09-15T06:04:24 IST" duration-ms="3478" status="PASS">
          <reporter-output>
          </reporter-output>
        </test-method> <!-- setupPage -->
        <test-method signature="TC08_VerifyVideoTutorialsIconVisibility()[pri:0, instance:com.automationexercise.tests.TC_Ecom_Homepage_Test@1e66f1f5]" started-at="2025-09-15T06:04:24 IST" name="TC08_VerifyVideoTutorialsIconVisibility" finished-at="2025-09-15T06:04:24 IST" duration-ms="92" status="PASS">
          <reporter-output>
          </reporter-output>
        </test-method> <!-- TC08_VerifyVideoTutorialsIconVisibility -->
        <test-method is-config="true" signature="teardown()[pri:0, instance:com.automationexercise.tests.TC_Ecom_Homepage_Test@1e66f1f5]" started-at="2025-09-15T06:04:24 IST" name="teardown" finished-at="2025-09-15T06:04:25 IST" duration-ms="576" status="PASS">
          <reporter-output>
          </reporter-output>
        </test-method> <!-- teardown -->
        <test-method is-config="true" signature="setup()[pri:0, instance:com.automationexercise.tests.TC_Ecom_Homepage_Test@1e66f1f5]" started-at="2025-09-15T06:04:25 IST" name="setup" finished-at="2025-09-15T06:04:29 IST" duration-ms="4705" status="PASS">
          <reporter-output>
          </reporter-output>
        </test-method> <!-- setup -->
        <test-method is-config="true" signature="setupPage()[pri:0, instance:com.automationexercise.tests.TC_Ecom_Homepage_Test@1e66f1f5]" started-at="2025-09-15T06:04:29 IST" name="setupPage" finished-at="2025-09-15T06:04:33 IST" duration-ms="4030" status="PASS">
          <reporter-output>
          </reporter-output>
        </test-method> <!-- setupPage -->
        <test-method signature="TC09_VerifyContactusIconVisibility()[pri:0, instance:com.automationexercise.tests.TC_Ecom_Homepage_Test@1e66f1f5]" started-at="2025-09-15T06:04:33 IST" name="TC09_VerifyContactusIconVisibility" finished-at="2025-09-15T06:04:34 IST" duration-ms="127" status="PASS">
          <reporter-output>
          </reporter-output>
        </test-method> <!-- TC09_VerifyContactusIconVisibility -->
        <test-method is-config="true" signature="teardown()[pri:0, instance:com.automationexercise.tests.TC_Ecom_Homepage_Test@1e66f1f5]" started-at="2025-09-15T06:04:34 IST" name="teardown" finished-at="2025-09-15T06:04:34 IST" duration-ms="771" status="PASS">
          <reporter-output>
          </reporter-output>
        </test-method> <!-- teardown -->
        <test-method is-config="true" signature="setup()[pri:0, instance:com.automationexercise.tests.TC_Ecom_Homepage_Test@1e66f1f5]" started-at="2025-09-15T06:04:34 IST" name="setup" finished-at="2025-09-15T06:04:36 IST" duration-ms="2038" status="PASS">
          <reporter-output>
          </reporter-output>
        </test-method> <!-- setup -->
        <test-method is-config="true" signature="setupPage()[pri:0, instance:com.automationexercise.tests.TC_Ecom_Homepage_Test@1e66f1f5]" started-at="2025-09-15T06:04:36 IST" name="setupPage" finished-at="2025-09-15T06:04:45 IST" duration-ms="8289" status="PASS">
          <reporter-output>
          </reporter-output>
        </test-method> <!-- setupPage -->
        <test-method signature="TC10_VerifyAPIListPracticeElementVisibility()[pri:0, instance:com.automationexercise.tests.TC_Ecom_Homepage_Test@1e66f1f5]" started-at="2025-09-15T06:04:45 IST" name="TC10_VerifyAPIListPracticeElementVisibility" finished-at="2025-09-15T06:04:45 IST" duration-ms="77" status="PASS">
          <reporter-output>
          </reporter-output>
        </test-method> <!-- TC10_VerifyAPIListPracticeElementVisibility -->
        <test-method is-config="true" signature="teardown()[pri:0, instance:com.automationexercise.tests.TC_Ecom_Homepage_Test@1e66f1f5]" started-at="2025-09-15T06:04:45 IST" name="teardown" finished-at="2025-09-15T06:04:45 IST" duration-ms="422" status="PASS">
          <reporter-output>
          </reporter-output>
        </test-method> <!-- teardown -->
        <test-method is-config="true" signature="setup()[pri:0, instance:com.automationexercise.tests.TC_Ecom_Homepage_Test@1e66f1f5]" started-at="2025-09-15T06:04:45 IST" name="setup" finished-at="2025-09-15T06:04:51 IST" duration-ms="5652" status="PASS">
          <reporter-output>
          </reporter-output>
        </test-method> <!-- setup -->
        <test-method is-config="true" signature="setupPage()[pri:0, instance:com.automationexercise.tests.TC_Ecom_Homepage_Test@1e66f1f5]" started-at="2025-09-15T06:04:51 IST" name="setupPage" finished-at="2025-09-15T06:04:54 IST" duration-ms="3416" status="PASS">
          <reporter-output>
          </reporter-output>
        </test-method> <!-- setupPage -->
        <test-method signature="TC11_VerifyCategoryElementVisibility()[pri:0, instance:com.automationexercise.tests.TC_Ecom_Homepage_Test@1e66f1f5]" started-at="2025-09-15T06:04:54 IST" name="TC11_VerifyCategoryElementVisibility" finished-at="2025-09-15T06:04:55 IST" duration-ms="554" status="PASS">
          <reporter-output>
          </reporter-output>
        </test-method> <!-- TC11_VerifyCategoryElementVisibility -->
        <test-method is-config="true" signature="teardown()[pri:0, instance:com.automationexercise.tests.TC_Ecom_Homepage_Test@1e66f1f5]" started-at="2025-09-15T06:04:55 IST" name="teardown" finished-at="2025-09-15T06:04:55 IST" duration-ms="587" status="PASS">
          <reporter-output>
          </reporter-output>
        </test-method> <!-- teardown -->
        <test-method is-config="true" signature="setup()[pri:0, instance:com.automationexercise.tests.TC_Ecom_Homepage_Test@1e66f1f5]" started-at="2025-09-15T06:04:55 IST" name="setup" finished-at="2025-09-15T06:05:04 IST" duration-ms="9082" status="PASS">
          <reporter-output>
          </reporter-output>
        </test-method> <!-- setup -->
        <test-method is-config="true" signature="setupPage()[pri:0, instance:com.automationexercise.tests.TC_Ecom_Homepage_Test@1e66f1f5]" started-at="2025-09-15T06:05:04 IST" name="setupPage" finished-at="2025-09-15T06:05:09 IST" duration-ms="4750" status="PASS">
          <reporter-output>
          </reporter-output>
        </test-method> <!-- setupPage -->
        <test-method signature="TC11_VerifyFeatureItemElementVisibility()[pri:0, instance:com.automationexercise.tests.TC_Ecom_Homepage_Test@1e66f1f5]" started-at="2025-09-15T06:05:09 IST" name="TC11_VerifyFeatureItemElementVisibility" finished-at="2025-09-15T06:05:09 IST" duration-ms="101" status="PASS">
          <reporter-output>
          </reporter-output>
        </test-method> <!-- TC11_VerifyFeatureItemElementVisibility -->
        <test-method is-config="true" signature="teardown()[pri:0, instance:com.automationexercise.tests.TC_Ecom_Homepage_Test@1e66f1f5]" started-at="2025-09-15T06:05:09 IST" name="teardown" finished-at="2025-09-15T06:05:10 IST" duration-ms="555" status="PASS">
          <reporter-output>
          </reporter-output>
        </test-method> <!-- teardown -->
        <test-method is-config="true" signature="flushreport()[pri:0, instance:com.automationexercise.tests.TC_Ecom_Homepage_Test@1e66f1f5]" started-at="2025-09-15T06:05:10 IST" name="flushreport" finished-at="2025-09-15T06:05:10 IST" duration-ms="538" status="PASS">
          <reporter-output>
          </reporter-output>
        </test-method> <!-- flushreport -->
      </class> <!-- com.automationexercise.tests.TC_Ecom_Homepage_Test -->
    </test> <!-- Default test -->
  </suite> <!-- Default suite -->
</testng-results>
